D:\Program Files\Microsoft Visual Studio\2022\Enterprise\MSBuild\Microsoft\VC\v170\Microsoft.CppBuild.targets(503,5): warning MSB8004: Output Directory does not end with a trailing slash.  This build instance will add the slash as it is required to allow proper evaluation of the Output Directory.
  DirectoryIndexer.cpp
C:\Users\somet\source\repos\AutoDeleteFilesConsole\AutoDeleteFilesConsole\DirectoryIndexer.cpp(163,26): warning C4244: 'initializing': conversion from 'int64' to 'int8', possible loss of data
C:\Users\somet\source\repos\AutoDeleteFilesConsole\AutoDeleteFilesConsole\DirectoryIndexer.cpp(175,55): warning C4267: 'initializing': conversion from 'size_t' to 'int16', possible loss of data
C:\Users\somet\source\repos\AutoDeleteFilesConsole\AutoDeleteFilesConsole\DirectoryIndexer.cpp(223,30): warning C4267: 'initializing': conversion from 'size_t' to 'int16', possible loss of data
C:\Users\somet\source\repos\AutoDeleteFilesConsole\AutoDeleteFilesConsole\DirectoryIndexer.cpp(224,30): warning C4267: 'initializing': conversion from 'size_t' to 'int16', possible loss of data
C:\Users\somet\source\repos\AutoDeleteFilesConsole\AutoDeleteFilesConsole\DirectoryIndexer.cpp(225,30): warning C4267: 'initializing': conversion from 'size_t' to 'int16', possible loss of data
C:\Users\somet\source\repos\AutoDeleteFilesConsole\AutoDeleteFilesConsole\DirectoryIndexer.cpp(257,72): error C2440: '<function-style-cast>': cannot convert from 'chrono_ftt' to 'std::chrono::time_point<std::chrono::system_clock,std::chrono::duration<std::chrono::system_clock::rep,std::chrono::system_clock::period>>'
C:\Users\somet\source\repos\AutoDeleteFilesConsole\AutoDeleteFilesConsole\DirectoryIndexer.cpp(257,72): message : No constructor could take the source type, or constructor overload resolution was ambiguous
C:\Users\somet\source\repos\AutoDeleteFilesConsole\AutoDeleteFilesConsole\DirectoryIndexer.cpp(259,45): error C3536: 'LastModified': cannot be used before it is initialized
C:\Users\somet\source\repos\AutoDeleteFilesConsole\AutoDeleteFilesConsole\DirectoryIndexer.cpp(259,18): error C2678: binary '-': no operator found which takes a left-hand operand of type 'std::chrono::system_clock::time_point' (or there is no acceptable conversion)
D:\Program Files\Microsoft Visual Studio\2022\Enterprise\VC\Tools\MSVC\14.34.31933\include\chrono(251,30): message : could be 'std::chrono::day std::chrono::operator -(const std::chrono::day &,const std::chrono::days &) noexcept' [found using argument-dependent lookup]
D:\Program Files\Microsoft Visual Studio\2022\Enterprise\VC\Tools\MSVC\14.34.31933\include\chrono(254,31): message : or       'std::chrono::days std::chrono::operator -(const std::chrono::day &,const std::chrono::day &) noexcept' [found using argument-dependent lookup]
D:\Program Files\Microsoft Visual Studio\2022\Enterprise\VC\Tools\MSVC\14.34.31933\include\chrono(312,32): message : or       'std::chrono::month std::chrono::operator -(const std::chrono::month &,const std::chrono::months &) noexcept' [found using argument-dependent lookup]
D:\Program Files\Microsoft Visual Studio\2022\Enterprise\VC\Tools\MSVC\14.34.31933\include\chrono(315,33): message : or       'std::chrono::months std::chrono::operator -(const std::chrono::month &,const std::chrono::month &) noexcept' [found using argument-dependent lookup]
D:\Program Files\Microsoft Visual Studio\2022\Enterprise\VC\Tools\MSVC\14.34.31933\include\chrono(411,31): message : or       'std::chrono::year std::chrono::operator -(const std::chrono::year &,const std::chrono::years &) noexcept' [found using argument-dependent lookup]
D:\Program Files\Microsoft Visual Studio\2022\Enterprise\VC\Tools\MSVC\14.34.31933\include\chrono(414,32): message : or       'std::chrono::years std::chrono::operator -(const std::chrono::year &,const std::chrono::year &) noexcept' [found using argument-dependent lookup]
D:\Program Files\Microsoft Visual Studio\2022\Enterprise\VC\Tools\MSVC\14.34.31933\include\chrono(486,34): message : or       'std::chrono::weekday std::chrono::operator -(const std::chrono::weekday &,const std::chrono::days &) noexcept' [found using argument-dependent lookup]
D:\Program Files\Microsoft Visual Studio\2022\Enterprise\VC\Tools\MSVC\14.34.31933\include\chrono(489,31): message : or       'std::chrono::days std::chrono::operator -(const std::chrono::weekday &,const std::chrono::weekday &) noexcept' [found using argument-dependent lookup]
D:\Program Files\Microsoft Visual Studio\2022\Enterprise\VC\Tools\MSVC\14.34.31933\include\chrono(728,33): message : or       'std::chrono::months std::chrono::operator -(const std::chrono::year_month &,const std::chrono::year_month &) noexcept' [found using argument-dependent lookup]
D:\Program Files\Microsoft Visual Studio\2022\Enterprise\VC\Tools\MSVC\14.34.31933\include\chrono(742,37): message : or       'std::chrono::year_month std::chrono::operator -(const std::chrono::year_month &,const std::chrono::years &) noexcept' [found using argument-dependent lookup]
D:\Program Files\Microsoft Visual Studio\2022\Enterprise\VC\Tools\MSVC\14.34.31933\include\chrono(1033,41): message : or       'std::chrono::year_month_day std::chrono::operator -(const std::chrono::year_month_day &,const std::chrono::years &) noexcept' [found using argument-dependent lookup]
D:\Program Files\Microsoft Visual Studio\2022\Enterprise\VC\Tools\MSVC\14.34.31933\include\chrono(1133,46): message : or       'std::chrono::year_month_day_last std::chrono::operator -(const std::chrono::year_month_day_last &,const std::chrono::years &) noexcept' [found using argument-dependent lookup]
D:\Program Files\Microsoft Visual Studio\2022\Enterprise\VC\Tools\MSVC\14.34.31933\include\chrono(1258,45): message : or       'std::chrono::year_month_weekday std::chrono::operator -(const std::chrono::year_month_weekday &,const std::chrono::years &) noexcept' [found using argument-dependent lookup]
D:\Program Files\Microsoft Visual Studio\2022\Enterprise\VC\Tools\MSVC\14.34.31933\include\chrono(1358,50): message : or       'std::chrono::year_month_weekday_last std::chrono::operator -(const std::chrono::year_month_weekday_last &,const std::chrono::years &) noexcept' [found using argument-dependent lookup]
D:\Program Files\Microsoft Visual Studio\2022\Enterprise\VC\Tools\MSVC\14.34.31933\include\xutility(1483,5): message : or       'unknown-type std::operator -(const std::reverse_iterator<_BidIt> &,const std::reverse_iterator<_BidIt2> &) noexcept(<expr>)'
C:\Users\somet\source\repos\AutoDeleteFilesConsole\AutoDeleteFilesConsole\DirectoryIndexer.cpp(259,18): message : 'unknown-type std::operator -(const std::reverse_iterator<_BidIt> &,const std::reverse_iterator<_BidIt2> &) noexcept(<expr>)': could not deduce template argument for 'const std::reverse_iterator<_BidIt> &' from 'std::chrono::system_clock::time_point'
D:\Program Files\Microsoft Visual Studio\2022\Enterprise\VC\Tools\MSVC\14.34.31933\include\xutility(3649,30): message : or       'unknown-type std::operator -(const std::move_iterator<_Iter> &,const std::move_iterator<_Iter2> &) noexcept(<expr>)'
C:\Users\somet\source\repos\AutoDeleteFilesConsole\AutoDeleteFilesConsole\DirectoryIndexer.cpp(259,18): message : 'unknown-type std::operator -(const std::move_iterator<_Iter> &,const std::move_iterator<_Iter2> &) noexcept(<expr>)': could not deduce template argument for 'const std::move_iterator<_Iter> &' from 'std::chrono::system_clock::time_point'
D:\Program Files\Microsoft Visual Studio\2022\Enterprise\VC\Tools\MSVC\14.34.31933\include\__msvc_chrono.hpp(290,9): message : or       'common_type<std::chrono::duration<_Rep,_Period>,std::chrono::duration<_Rep2,_Period2>>::type std::chrono::operator -(const std::chrono::duration<_Rep,_Period> &,const std::chrono::duration<_Rep2,_Period2> &) noexcept(<expr>)'
C:\Users\somet\source\repos\AutoDeleteFilesConsole\AutoDeleteFilesConsole\DirectoryIndexer.cpp(259,18): message : 'common_type<std::chrono::duration<_Rep,_Period>,std::chrono::duration<_Rep2,_Period2>>::type std::chrono::operator -(const std::chrono::duration<_Rep,_Period> &,const std::chrono::duration<_Rep2,_Period2> &) noexcept(<expr>)': could not deduce template argument for 'const std::chrono::duration<_Rep,_Period> &' from 'std::chrono::system_clock::time_point'
D:\Program Files\Microsoft Visual Studio\2022\Enterprise\VC\Tools\MSVC\14.34.31933\include\__msvc_chrono.hpp(543,9): message : or       'std::chrono::time_point<_Clock,common_type<_Duration,std::chrono::duration<_Rep2,_Period2>>::type> std::chrono::operator -(const std::chrono::time_point<_Clock,_Duration> &,const std::chrono::duration<_Rep2,_Period2> &) noexcept(<expr>)'
C:\Users\somet\source\repos\AutoDeleteFilesConsole\AutoDeleteFilesConsole\DirectoryIndexer.cpp(259,18): message : 'std::chrono::time_point<_Clock,common_type<_Duration,std::chrono::duration<_Rep2,_Period2>>::type> std::chrono::operator -(const std::chrono::time_point<_Clock,_Duration> &,const std::chrono::duration<_Rep2,_Period2> &) noexcept(<expr>)': could not deduce template argument for 'const std::chrono::duration<_Rep2,_Period2> &' from 'int'
D:\Program Files\Microsoft Visual Studio\2022\Enterprise\VC\Tools\MSVC\14.34.31933\include\__msvc_chrono.hpp(551,9): message : or       'common_type<_Duration1,_Duration2>::type std::chrono::operator -(const std::chrono::time_point<_Clock,_Duration> &,const std::chrono::time_point<_Clock,_Duration2> &) noexcept(<expr>)'
C:\Users\somet\source\repos\AutoDeleteFilesConsole\AutoDeleteFilesConsole\DirectoryIndexer.cpp(259,18): message : 'common_type<_Duration1,_Duration2>::type std::chrono::operator -(const std::chrono::time_point<_Clock,_Duration> &,const std::chrono::time_point<_Clock,_Duration2> &) noexcept(<expr>)': could not deduce template argument for 'const std::chrono::time_point<_Clock,_Duration2> &' from 'int'
D:\Program Files\Microsoft Visual Studio\2022\Enterprise\VC\Tools\MSVC\14.34.31933\include\chrono(724,37): message : or       'std::chrono::year_month std::chrono::operator -(const std::chrono::year_month &,const std::chrono::months &) noexcept'
C:\Users\somet\source\repos\AutoDeleteFilesConsole\AutoDeleteFilesConsole\DirectoryIndexer.cpp(259,18): message : 'initializing': cannot convert from 'std::chrono::system_clock::time_point' to 'const std::chrono::year_month &'
C:\Users\somet\source\repos\AutoDeleteFilesConsole\AutoDeleteFilesConsole\DirectoryIndexer.cpp(259,18): message : Reason: cannot convert from 'std::chrono::system_clock::time_point' to 'const std::chrono::year_month'
C:\Users\somet\source\repos\AutoDeleteFilesConsole\AutoDeleteFilesConsole\DirectoryIndexer.cpp(259,18): message : No user-defined-conversion operator available that can perform this conversion, or the operator cannot be called
D:\Program Files\Microsoft Visual Studio\2022\Enterprise\VC\Tools\MSVC\14.34.31933\include\chrono(1021,41): message : or       'std::chrono::year_month_day std::chrono::operator -(const std::chrono::year_month_day &,const std::chrono::months &) noexcept'
C:\Users\somet\source\repos\AutoDeleteFilesConsole\AutoDeleteFilesConsole\DirectoryIndexer.cpp(259,18): message : 'initializing': cannot convert from 'std::chrono::system_clock::time_point' to 'const std::chrono::year_month_day &'
C:\Users\somet\source\repos\AutoDeleteFilesConsole\AutoDeleteFilesConsole\DirectoryIndexer.cpp(259,18): message : Reason: cannot convert from 'std::chrono::system_clock::time_point' to 'const std::chrono::year_month_day'
C:\Users\somet\source\repos\AutoDeleteFilesConsole\AutoDeleteFilesConsole\DirectoryIndexer.cpp(259,18): message : No user-defined-conversion operator available that can perform this conversion, or the operator cannot be called
D:\Program Files\Microsoft Visual Studio\2022\Enterprise\VC\Tools\MSVC\14.34.31933\include\chrono(1122,46): message : or       'std::chrono::year_month_day_last std::chrono::operator -(const std::chrono::year_month_day_last &,const std::chrono::months &) noexcept'
C:\Users\somet\source\repos\AutoDeleteFilesConsole\AutoDeleteFilesConsole\DirectoryIndexer.cpp(259,18): message : 'initializing': cannot convert from 'std::chrono::system_clock::time_point' to 'const std::chrono::year_month_day_last &'
C:\Users\somet\source\repos\AutoDeleteFilesConsole\AutoDeleteFilesConsole\DirectoryIndexer.cpp(259,18): message : Reason: cannot convert from 'std::chrono::system_clock::time_point' to 'const std::chrono::year_month_day_last'
C:\Users\somet\source\repos\AutoDeleteFilesConsole\AutoDeleteFilesConsole\DirectoryIndexer.cpp(259,18): message : No user-defined-conversion operator available that can perform this conversion, or the operator cannot be called
D:\Program Files\Microsoft Visual Studio\2022\Enterprise\VC\Tools\MSVC\14.34.31933\include\chrono(1247,45): message : or       'std::chrono::year_month_weekday std::chrono::operator -(const std::chrono::year_month_weekday &,const std::chrono::months &) noexcept'
C:\Users\somet\source\repos\AutoDeleteFilesConsole\AutoDeleteFilesConsole\DirectoryIndexer.cpp(259,18): message : 'initializing': cannot convert from 'std::chrono::system_clock::time_point' to 'const std::chrono::year_month_weekday &'
C:\Users\somet\source\repos\AutoDeleteFilesConsole\AutoDeleteFilesConsole\DirectoryIndexer.cpp(259,18): message : Reason: cannot convert from 'std::chrono::system_clock::time_point' to 'const std::chrono::year_month_weekday'
C:\Users\somet\source\repos\AutoDeleteFilesConsole\AutoDeleteFilesConsole\DirectoryIndexer.cpp(259,18): message : No user-defined-conversion operator available that can perform this conversion, or the operator cannot be called
D:\Program Files\Microsoft Visual Studio\2022\Enterprise\VC\Tools\MSVC\14.34.31933\include\chrono(1344,50): message : or       'std::chrono::year_month_weekday_last std::chrono::operator -(const std::chrono::year_month_weekday_last &,const std::chrono::months &) noexcept'
C:\Users\somet\source\repos\AutoDeleteFilesConsole\AutoDeleteFilesConsole\DirectoryIndexer.cpp(259,18): message : 'initializing': cannot convert from 'std::chrono::system_clock::time_point' to 'const std::chrono::year_month_weekday_last &'
C:\Users\somet\source\repos\AutoDeleteFilesConsole\AutoDeleteFilesConsole\DirectoryIndexer.cpp(259,18): message : Reason: cannot convert from 'std::chrono::system_clock::time_point' to 'const std::chrono::year_month_weekday_last'
C:\Users\somet\source\repos\AutoDeleteFilesConsole\AutoDeleteFilesConsole\DirectoryIndexer.cpp(259,18): message : No user-defined-conversion operator available that can perform this conversion, or the operator cannot be called
C:\Users\somet\source\repos\AutoDeleteFilesConsole\AutoDeleteFilesConsole\DirectoryIndexer.cpp(259,18): message : while trying to match the argument list '(std::chrono::system_clock::time_point, int)'
C:\Users\somet\source\repos\AutoDeleteFilesConsole\AutoDeleteFilesConsole\DirectoryIndexer.cpp(323,12): warning C4353: nonstandard extension used: constant 0 as function expression.  Use '__noop' function intrinsic instead
